<?xml version="1.0"?>
<testsuites>
<testsuite xmlns:xsi="http://www.w3.org/2001/XMLSchema-instance" xsi:noNamespaceSchemaLocation="https://maven.apache.org/surefire/maven-surefire-plugin/xsd/surefire-test-report.xsd" name="com.devsu.hackerearth.backend.account.sampleTest" time="3.953" tests="1" errors="0" skipped="0" failures="0">
  
  <properties>
[...]
</properties>
  
  <testcase name="createAccountTest" classname="com.devsu.hackerearth.backend.account.sampleTest" time="0.04"/>
  
</testsuite>
<testsuite xmlns:xsi="http://www.w3.org/2001/XMLSchema-instance" xsi:noNamespaceSchemaLocation="https://maven.apache.org/surefire/maven-surefire-plugin/xsd/surefire-test-report.xsd" name="com.devsu.hackerearth.backend.client.sampleTest" time="9.744" tests="10" errors="1" skipped="0" failures="0">
  
  <properties>
[...]
</properties>
  
  <testcase name="createClientTest" classname="com.devsu.hackerearth.backend.client.sampleTest" time="0.08"/>
  
  <testcase name="createClient_ShouldThrowException_WhenDniExists" classname="com.devsu.hackerearth.backend.client.sampleTest" time="0.021"/>
  
  <testcase name="getClientById_ShouldReturnClient_WhenExists" classname="com.devsu.hackerearth.backend.client.sampleTest" time="0.03"/>
  
  <testcase name="getAllClientsTest" classname="com.devsu.hackerearth.backend.client.sampleTest" time="0.022"/>
  
  <testcase name="createClient_ShouldSucceed_WhenValidData" classname="com.devsu.hackerearth.backend.client.sampleTest" time="0.03"/>
  
  <testcase name="integrationTest_CreateAndRetrieveClient_ShouldWork" classname="com.devsu.hackerearth.backend.client.sampleTest" time="0.32"/>
  
  <testcase name="getClientById_ShouldThrowException_WhenNotExists" classname="com.devsu.hackerearth.backend.client.sampleTest" time="0.016"/>
  
  <testcase name="getClientByIdTest" classname="com.devsu.hackerearth.backend.client.sampleTest" time="0.015"/>
  
  <testcase name="getClientNotFoundTest" classname="com.devsu.hackerearth.backend.client.sampleTest" time="0.022">
    
    <error message="Client not found with id: 9999" type="com.devsu.hackerearth.backend.client.exception.ClientNotFoundException">com.devsu.hackerearth.backend.client.exception.ClientNotFoundException: Client not found with id: 9999
	at com.devsu.hackerearth.backend.client.sampleTest.getClientNotFoundTest(sampleTest.java:139)</error>
    
    <system-out><![CDATA[.   ____          _            __ _ _
 /\\ / ___'_ __ _ _(_)_ __  __ _ \ \ \ \
( ( )\___ | '_ | '_| | '_ \/ _` | \ \ \ \
 \\/  ___)| |_)| | | | | || (_| |  ) ) ) )
  '  |____| .__|_| |_|_| |_\__, | / / / /
 =========|_|==============|___/=/_/_/_/
 :: Spring Boot ::                (v2.4.2)

2025-09-17 04:20:50.905  INFO 28247 --- [           main] c.d.h.backend.client.sampleTest          : Starting sampleTest using Java 11.0.27 on ip-172-25-42-88.ap-south-1.compute.internal with PID 28247 (started by root in /home/project/Microservices/BankApplication/client)
2025-09-17 04:20:50.905  INFO 28247 --- [           main] c.d.h.backend.client.sampleTest          : No active profile set, falling back to default profiles: default
2025-09-17 04:20:50.982  INFO 28247 --- [           main] .s.d.r.c.RepositoryConfigurationDelegate : Bootstrapping Spring Data JPA repositories in DEFAULT mode.
2025-09-17 04:20:50.986  INFO 28247 --- [           main] .s.d.r.c.RepositoryConfigurationDelegate : Finished Spring Data repository scanning in 4 ms. Found 1 JPA repository interfaces.
2025-09-17 04:20:51.058  INFO 28247 --- [           main] o.s.b.w.embedded.tomcat.TomcatWebServer  : Tomcat initialized with port(s): 0 (http)
2025-09-17 04:20:51.058  INFO 28247 --- [           main] o.apache.catalina.core.StandardService   : Starting service [Tomcat]
2025-09-17 04:20:51.059  INFO 28247 --- [           main] org.apache.catalina.core.StandardEngine  : Starting Servlet engine: [Apache Tomcat/9.0.41]
2025-09-17 04:20:51.068  INFO 28247 --- [           main] o.a.c.c.C.[Tomcat].[localhost].[/]       : Initializing Spring embedded WebApplicationContext
2025-09-17 04:20:51.068  INFO 28247 --- [           main] w.s.c.ServletWebServerApplicationContext : Root WebApplicationContext: initialization completed in 161 ms
2025-09-17 04:20:51.085  INFO 28247 --- [           main] com.zaxxer.hikari.HikariDataSource       : HikariPool-9 - Starting...
2025-09-17 04:20:51.087  INFO 28247 --- [           main] com.zaxxer.hikari.HikariDataSource       : HikariPool-9 - Start completed.
2025-09-17 04:20:51.087  INFO 28247 --- [           main] o.s.b.a.h2.H2ConsoleAutoConfiguration    : H2 console available at '/h2-console'. Database available at 'jdbc:h2:mem:clientdb'
2025-09-17 04:20:51.123  INFO 28247 --- [           main] o.hibernate.jpa.internal.util.LogHelper  : HHH000204: Processing PersistenceUnitInfo [name: default]
2025-09-17 04:20:51.126  INFO 28247 --- [           main] org.hibernate.dialect.Dialect            : HHH000400: Using dialect: org.hibernate.dialect.H2Dialect
Hibernate: 
    
    drop table if exists clients CASCADE 
Hibernate: 
    
    create table clients (
       id bigint generated by default as identity,
        address varchar(255),
        age integer not null,
        dni varchar(255) not null,
        gender varchar(255),
        name varchar(255) not null,
        phone varchar(255),
        is_active boolean not null,
        password varchar(255) not null,
        primary key (id)
    )
Hibernate: 
    
    alter table clients 
       add constraint UK_7lb86p1hnr0kauij7t55krebo unique (dni)
2025-09-17 04:20:51.152  INFO 28247 --- [           main] o.h.e.t.j.p.i.JtaPlatformInitiator       : HHH000490: Using JtaPlatform implementation: [org.hibernate.engine.transaction.jta.platform.internal.NoJtaPlatform]
2025-09-17 04:20:51.152  INFO 28247 --- [           main] j.LocalContainerEntityManagerFactoryBean : Initialized JPA EntityManagerFactory for persistence unit 'default'
2025-09-17 04:20:51.216  WARN 28247 --- [           main] JpaBaseConfiguration$JpaWebConfiguration : spring.jpa.open-in-view is enabled by default. Therefore, database queries may be performed during view rendering. Explicitly configure spring.jpa.open-in-view to disable this warning
2025-09-17 04:20:51.270  INFO 28247 --- [           main] o.s.s.concurrent.ThreadPoolTaskExecutor  : Initializing ExecutorService 'applicationTaskExecutor'
2025-09-17 04:20:51.364  INFO 28247 --- [           main] o.s.b.w.embedded.tomcat.TomcatWebServer  : Tomcat started on port(s): 42905 (http) with context path ''
2025-09-17 04:20:51.368  INFO 28247 --- [           main] c.d.h.backend.client.sampleTest          : Started sampleTest in 0.476 seconds (JVM running for 9.748)
2025-09-17 04:20:51.383  INFO 28247 --- [           main] o.s.s.concurrent.ThreadPoolTaskExecutor  : Shutting down ExecutorService 'applicationTaskExecutor'
2025-09-17 04:20:51.384  INFO 28247 --- [           main] j.LocalContainerEntityManagerFactoryBean : Closing JPA EntityManagerFactory for persistence unit 'default'
2025-09-17 04:20:51.384  INFO 28247 --- [           main] .SchemaDropperImpl$DelayedDropActionImpl : HHH000477: Starting delayed evictData of schema as part of SessionFactory shut-down'
Hibernate: 
    
    drop table if exists clients CASCADE 
2025-09-17 04:20:51.386  INFO 28247 --- [           main] com.zaxxer.hikari.HikariDataSource       : HikariPool-9 - Shutdown initiated...
2025-09-17 04:20:51.387  INFO 28247 --- [           main] com.zaxxer.hikari.HikariDataSource       : HikariPool-9 - Shutdown completed.]]></system-out>
    
  </testcase>
  
  <testcase name="deleteClient_ShouldSoftDelete_WhenExists" classname="com.devsu.hackerearth.backend.client.sampleTest" time="0.019"/>
  
</testsuite>
</testsuites>